  FrmMain.cpp
D:\Escritorio\CICLOS\3ER CICLO\CURSOS\PROGRA II\SEMANAS\EFinal\ProjectoF\ProjectF\ProjectF\Controller.h(19,63): warning C4244: 'argumento': conversión de 'float' a 'int'; posible pérdida de datos
D:\Escritorio\CICLOS\3ER CICLO\CURSOS\PROGRA II\SEMANAS\EFinal\ProjectoF\ProjectF\ProjectF\Controller.h(20,63): warning C4244: 'argumento': conversión de 'float' a 'int'; posible pérdida de datos
D:\Escritorio\CICLOS\3ER CICLO\CURSOS\PROGRA II\SEMANAS\EFinal\ProjectoF\ProjectF\ProjectF\Controller.h(21,60): warning C4244: 'argumento': conversión de 'float' a 'int'; posible pérdida de datos
D:\Escritorio\CICLOS\3ER CICLO\CURSOS\PROGRA II\SEMANAS\EFinal\ProjectoF\ProjectF\ProjectF\Controller.h(22,93): warning C4244: 'argumento': conversión de 'float' a 'int'; posible pérdida de datos
D:\Escritorio\CICLOS\3ER CICLO\CURSOS\PROGRA II\SEMANAS\EFinal\ProjectoF\ProjectF\ProjectF\Controller.h(22,60): warning C4244: 'argumento': conversión de 'float' a 'int'; posible pérdida de datos
D:\Escritorio\CICLOS\3ER CICLO\CURSOS\PROGRA II\SEMANAS\EFinal\ProjectoF\ProjectF\ProjectF\Controller.h(23,93): warning C4244: 'argumento': conversión de 'float' a 'int'; posible pérdida de datos
D:\Escritorio\CICLOS\3ER CICLO\CURSOS\PROGRA II\SEMANAS\EFinal\ProjectoF\ProjectF\ProjectF\Controller.h(23,60): warning C4244: 'argumento': conversión de 'float' a 'int'; posible pérdida de datos
D:\Escritorio\CICLOS\3ER CICLO\CURSOS\PROGRA II\SEMANAS\EFinal\ProjectoF\ProjectF\ProjectF\Controller.h(42,21): warning C4018: '<': no coinciden signed/unsigned
D:\Escritorio\CICLOS\3ER CICLO\CURSOS\PROGRA II\SEMANAS\EFinal\ProjectoF\ProjectF\ProjectF\Controller.h(45,21): warning C4018: '<': no coinciden signed/unsigned
D:\Escritorio\CICLOS\3ER CICLO\CURSOS\PROGRA II\SEMANAS\EFinal\ProjectoF\ProjectF\ProjectF\Controller.h(51,21): warning C4018: '<': no coinciden signed/unsigned
D:\Escritorio\CICLOS\3ER CICLO\CURSOS\PROGRA II\SEMANAS\EFinal\ProjectoF\ProjectF\ProjectF\Controller.h(59,21): warning C4018: '<': no coinciden signed/unsigned
D:\Escritorio\CICLOS\3ER CICLO\CURSOS\PROGRA II\SEMANAS\EFinal\ProjectoF\ProjectF\ProjectF\Controller.h(60,22): warning C4018: '<': no coinciden signed/unsigned
D:\Escritorio\CICLOS\3ER CICLO\CURSOS\PROGRA II\SEMANAS\EFinal\ProjectoF\ProjectF\ProjectF\Controller.h(75,21): warning C4018: '<': no coinciden signed/unsigned
D:\Escritorio\CICLOS\3ER CICLO\CURSOS\PROGRA II\SEMANAS\EFinal\ProjectoF\ProjectF\ProjectF\Controller.h(76,22): warning C4018: '<': no coinciden signed/unsigned
D:\Escritorio\CICLOS\3ER CICLO\CURSOS\PROGRA II\SEMANAS\EFinal\ProjectoF\ProjectF\ProjectF\Controller.h(85,22): warning C4018: '<': no coinciden signed/unsigned
D:\Escritorio\CICLOS\3ER CICLO\CURSOS\PROGRA II\SEMANAS\EFinal\ProjectoF\ProjectF\ProjectF\Controller.h(86,27): warning C4018: '<': no coinciden signed/unsigned
D:\Escritorio\CICLOS\3ER CICLO\CURSOS\PROGRA II\SEMANAS\EFinal\ProjectoF\ProjectF\ProjectF\Controller.h(99,21): warning C4018: '<': no coinciden signed/unsigned
D:\Escritorio\CICLOS\3ER CICLO\CURSOS\PROGRA II\SEMANAS\EFinal\ProjectoF\ProjectF\ProjectF\Controller.h(105,21): warning C4018: '<': no coinciden signed/unsigned
D:\Escritorio\CICLOS\3ER CICLO\CURSOS\PROGRA II\SEMANAS\EFinal\ProjectoF\ProjectF\ProjectF\FrmMain.h(25,14): warning C4244: 'argumento': conversión de 'time_t' a 'unsigned int'; posible pérdida de datos
  .NETFramework,Version=v4.7.2.AssemblyAttributes.cpp
  Generando código...
  FrmMain.obj : se encontró un módulo MSIL; vinculación incremental deshabilitada para MSIL; ejecutando vínculo completo
  ProjectF.vcxproj -> D:\Escritorio\CICLOS\3ER CICLO\CURSOS\PROGRA II\SEMANAS\EFinal\ProjectoF\ProjectF\Debug\ProjectF.exe
